Summary:
long-test timing out
Description:
[junit] ------------- ---------------- ---------------
[junit] Testsuite: org.apache.cassandra.db.compaction.LongCompactionSpeedTest
[junit] Testsuite: org.apache.cassandra.db.compaction.LongCompactionSpeedTest
[junit] Tests run: 1, Failures: 0, Errors: 1, Time elapsed: 0 sec
[junit]
[junit] Testcase: org.apache.cassandra.db.compaction.LongCompactionSpeedTest:BeforeFirstTest: Caused an ERROR
[junit] Timeout occurred. Please note the time in the report does not reflect the time until the timeout.
[junit] junit.framework.AssertionFailedError: Timeout occurred. Please note the time in the report does not reflect the time until the timeout.
[junit]
[junit]
[junit] Test org.apache.cassandra.db.compaction.LongCompactionSpeedTest FAILED (timeout)
[junit] Testsuite: org.apache.cassandra.utils.LongBloomFilterTest
[junit] Tests run: 3, Failures: 0, Errors: 0, Time elapsed: 64.536 sec
[junit]
[junit] Testsuite: org.apache.cassandra.utils.LongLegacyBloomFilterTest
[junit] Tests run: 3, Failures: 0, Errors: 0, Time elapsed: 41.104 sec
[junit]
BUILD FAILED
/Users/mallen/dstax/repos/git/cassandra/build.xml:1113: The following error occurred while executing this line:
/Users/mallen/dstax/repos/git/cassandra/build.xml:1036: Some long test(s) failed.
Total time: 63 minutes 9 seconds
Status:
RESOLVED
Priority:
Low
Resolution:
Fixed
Affects_version:

Fix_version:
1.1.6
Component:
Legacy/Testing
Label:
None
Environment:

Attachment number:
0
Assignee:
Jason Brown
Reporter:
Michael Allen
Create date:
02/Feb/12 18:05
Update date:
16/Apr/19 09:32
Resolved date:
18/Sep/12 14:58
