Summary:
2.0.4 src.tar.gz unit test failures (pass in git)
Description:
The unit tests all pass when running from the cassandra-2.0.4 git tag (as well as cassandra-2.0 branch HEAD), however, running unit tests from the src.tar.gz that is created by the 'ant artifacts' target, the following unit tests fail (3 runs: (1) fresh untar, 'ant jar test', (2) 'ant test' again (CleanupTest fails, too) (3) 'ant clean jar test'):
mshuler@hana:~$ cat 2.0.4_unittest_tar.log.failed.txt 
    [junit] Testsuite: org.apache.cassandra.io.sstable.LegacySSTableTest
    [junit] Tests run: 2, Failures: 2, Errors: 0, Time elapsed: 7.906 sec
--
    [junit] Testsuite: org.apache.cassandra.service.LeaveAndBootstrapTest
    [junit] Tests run: 6, Failures: 1, Errors: 0, Time elapsed: 8.437 sec
--
    [junit] Testsuite: org.apache.cassandra.streaming.StreamingTransferTest
    [junit] Tests run: 1, Failures: 0, Errors: 1, Time elapsed: 0 sec
--
    [junit] Testsuite: org.apache.cassandra.utils.BitSetTest
    [junit] Tests run: 4, Failures: 0, Errors: 1, Time elapsed: 0.985 sec
mshuler@hana:~$ cat 2.0.4_unittest_tar.log2.failed.txt 
    [junit] Testsuite: org.apache.cassandra.db.CleanupTest
    [junit] Tests run: 2, Failures: 1, Errors: 0, Time elapsed: 8.354 sec
--
    [junit] Testsuite: org.apache.cassandra.io.sstable.LegacySSTableTest
    [junit] Tests run: 2, Failures: 2, Errors: 0, Time elapsed: 8.323 sec
--
    [junit] Testsuite: org.apache.cassandra.service.MoveTest
    [junit] Tests run: 3, Failures: 1, Errors: 0, Time elapsed: 7.721 sec
--
    [junit] Testsuite: org.apache.cassandra.streaming.StreamingTransferTest
    [junit] Tests run: 1, Failures: 0, Errors: 1, Time elapsed: 0 sec
--
    [junit] Testsuite: org.apache.cassandra.utils.BitSetTest
    [junit] Tests run: 4, Failures: 0, Errors: 1, Time elapsed: 0.956 sec
mshuler@hana:~$ cat 2.0.4_unittest_tar.log3.failed.txt 
    [junit] Testsuite: org.apache.cassandra.io.sstable.LegacySSTableTest
    [junit] Tests run: 2, Failures: 2, Errors: 0, Time elapsed: 7.836 sec
--
    [junit] Testsuite: org.apache.cassandra.service.LeaveAndBootstrapTest
    [junit] Tests run: 6, Failures: 1, Errors: 0, Time elapsed: 7.755 sec
--
    [junit] Testsuite: org.apache.cassandra.streaming.StreamingTransferTest
    [junit] Tests run: 1, Failures: 0, Errors: 1, Time elapsed: 0 sec
--
    [junit] Testsuite: org.apache.cassandra.utils.BitSetTest
    [junit] Tests run: 4, Failures: 0, Errors: 1, Time elapsed: 0.81 sec
mshuler@hana:~$
Full ant test logs attached.
Status:
RESOLVED
Priority:
Low
Resolution:
Not A Problem
Affects_version:

Fix_version:
2.0.8
Component:
Legacy/Testing
Label:
qa-resolved
Environment:
debian
Attachment number:
0
Assignee:
Michael Shuler
Reporter:
Michael Shuler
Create date:
10/Jan/14 23:50
Update date:
16/Apr/19 09:31
Resolved date:
07/May/14 21:46
